{"C:\\Users\\John\\Desktop\\react-telegram-chatbox\\src\\config.ts": {"path":"C:\\Users\\John\\Desktop\\react-telegram-chatbox\\src\\config.ts","all":false,"statementMap":{"0":{"start":{"line":1,"column":0},"end":{"line":1,"column":55}},"1":{"start":{"line":2,"column":0},"end":{"line":2,"column":33}},"2":{"start":{"line":3,"column":0},"end":{"line":3,"column":59}}},"s":{"0":1,"1":1,"2":1},"branchMap":{},"b":{},"fnMap":{},"f":{}}
,"C:\\Users\\John\\Desktop\\react-telegram-chatbox\\src\\index.tsx": {"path":"C:\\Users\\John\\Desktop\\react-telegram-chatbox\\src\\index.tsx","all":false,"statementMap":{"0":{"start":{"line":1,"column":0},"end":{"line":1,"column":32}},"1":{"start":{"line":2,"column":0},"end":{"line":2,"column":27}},"2":{"start":{"line":3,"column":0},"end":{"line":3,"column":0}},"3":{"start":{"line":4,"column":0},"end":{"line":4,"column":47}}},"s":{"0":1,"1":1,"2":1,"3":1},"branchMap":{"0":{"type":"branch","line":4,"loc":{"start":{"line":4,"column":9},"end":{"line":4,"column":27}},"locations":[{"start":{"line":4,"column":9},"end":{"line":4,"column":27}}]}},"b":{"0":[14]},"fnMap":{"0":{"name":"get","decl":{"start":{"line":4,"column":9},"end":{"line":4,"column":27}},"loc":{"start":{"line":4,"column":9},"end":{"line":4,"column":27}},"line":4}},"f":{"0":14}}
,"C:\\Users\\John\\Desktop\\react-telegram-chatbox\\src\\Chatbox\\connect.ts": {"path":"C:\\Users\\John\\Desktop\\react-telegram-chatbox\\src\\Chatbox\\connect.ts","all":false,"statementMap":{"0":{"start":{"line":1,"column":0},"end":{"line":1,"column":76}},"1":{"start":{"line":2,"column":0},"end":{"line":2,"column":47}},"2":{"start":{"line":3,"column":0},"end":{"line":3,"column":46}},"3":{"start":{"line":4,"column":0},"end":{"line":4,"column":0}},"4":{"start":{"line":5,"column":0},"end":{"line":5,"column":26}},"5":{"start":{"line":6,"column":0},"end":{"line":6,"column":54}},"6":{"start":{"line":7,"column":0},"end":{"line":7,"column":66}},"7":{"start":{"line":8,"column":0},"end":{"line":8,"column":30}},"8":{"start":{"line":9,"column":0},"end":{"line":9,"column":0}},"9":{"start":{"line":10,"column":0},"end":{"line":10,"column":57}},"10":{"start":{"line":11,"column":0},"end":{"line":11,"column":27}},"11":{"start":{"line":12,"column":0},"end":{"line":12,"column":60}},"12":{"start":{"line":13,"column":0},"end":{"line":13,"column":28}},"13":{"start":{"line":14,"column":0},"end":{"line":14,"column":11}},"14":{"start":{"line":15,"column":0},"end":{"line":15,"column":0}},"15":{"start":{"line":16,"column":0},"end":{"line":16,"column":36}},"16":{"start":{"line":17,"column":0},"end":{"line":17,"column":55}},"17":{"start":{"line":18,"column":0},"end":{"line":18,"column":44}},"18":{"start":{"line":19,"column":0},"end":{"line":19,"column":15}},"19":{"start":{"line":20,"column":0},"end":{"line":20,"column":0}},"20":{"start":{"line":21,"column":0},"end":{"line":21,"column":30}},"21":{"start":{"line":22,"column":0},"end":{"line":22,"column":34}},"22":{"start":{"line":23,"column":0},"end":{"line":23,"column":24}},"23":{"start":{"line":24,"column":0},"end":{"line":24,"column":11}},"24":{"start":{"line":25,"column":0},"end":{"line":25,"column":0}},"25":{"start":{"line":26,"column":0},"end":{"line":26,"column":40}},"26":{"start":{"line":27,"column":0},"end":{"line":27,"column":7}},"27":{"start":{"line":28,"column":0},"end":{"line":28,"column":0}},"28":{"start":{"line":29,"column":0},"end":{"line":29,"column":23}}},"s":{"0":1,"1":1,"2":1,"3":1,"4":1,"5":4,"6":4,"7":4,"8":4,"9":4,"10":4,"11":4,"12":4,"13":4,"14":4,"15":4,"16":3,"17":1,"18":3,"19":3,"20":3,"21":3,"22":3,"23":4,"24":4,"25":4,"26":1,"27":1,"28":1},"branchMap":{"0":{"type":"branch","line":5,"loc":{"start":{"line":5,"column":16},"end":{"line":27,"column":6}},"locations":[{"start":{"line":5,"column":16},"end":{"line":27,"column":6}}]},"1":{"type":"branch","line":6,"loc":{"start":{"line":6,"column":39},"end":{"line":27,"column":6}},"locations":[{"start":{"line":6,"column":39},"end":{"line":27,"column":6}}]},"2":{"type":"branch","line":16,"loc":{"start":{"line":16,"column":29},"end":{"line":24,"column":9}},"locations":[{"start":{"line":16,"column":29},"end":{"line":24,"column":9}}]},"3":{"type":"branch","line":17,"loc":{"start":{"line":17,"column":33},"end":{"line":19,"column":13}},"locations":[{"start":{"line":17,"column":33},"end":{"line":19,"column":13}}]}},"b":{"0":[4],"1":[4],"2":[3],"3":[1]},"fnMap":{"0":{"name":"connect","decl":{"start":{"line":5,"column":16},"end":{"line":27,"column":6}},"loc":{"start":{"line":5,"column":16},"end":{"line":27,"column":6}},"line":5}},"f":{"0":4}}
,"C:\\Users\\John\\Desktop\\react-telegram-chatbox\\src\\Chatbox\\index.tsx": {"path":"C:\\Users\\John\\Desktop\\react-telegram-chatbox\\src\\Chatbox\\index.tsx","all":false,"statementMap":{"0":{"start":{"line":1,"column":0},"end":{"line":1,"column":45}},"1":{"start":{"line":2,"column":0},"end":{"line":2,"column":35}},"2":{"start":{"line":3,"column":0},"end":{"line":3,"column":63}},"3":{"start":{"line":4,"column":0},"end":{"line":4,"column":46}},"4":{"start":{"line":5,"column":0},"end":{"line":5,"column":32}},"5":{"start":{"line":6,"column":0},"end":{"line":6,"column":40}},"6":{"start":{"line":7,"column":0},"end":{"line":7,"column":0}},"7":{"start":{"line":8,"column":0},"end":{"line":8,"column":36}},"8":{"start":{"line":9,"column":0},"end":{"line":9,"column":10}},"9":{"start":{"line":10,"column":0},"end":{"line":10,"column":19}},"10":{"start":{"line":11,"column":0},"end":{"line":11,"column":24}},"11":{"start":{"line":12,"column":0},"end":{"line":12,"column":37}},"12":{"start":{"line":13,"column":0},"end":{"line":13,"column":16}},"13":{"start":{"line":14,"column":0},"end":{"line":14,"column":7}},"14":{"start":{"line":15,"column":0},"end":{"line":15,"column":50}},"15":{"start":{"line":16,"column":0},"end":{"line":16,"column":0}},"16":{"start":{"line":17,"column":0},"end":{"line":17,"column":21}},"17":{"start":{"line":18,"column":0},"end":{"line":18,"column":29}},"18":{"start":{"line":19,"column":0},"end":{"line":19,"column":38}},"19":{"start":{"line":20,"column":0},"end":{"line":20,"column":90}},"20":{"start":{"line":21,"column":0},"end":{"line":21,"column":54}},"21":{"start":{"line":22,"column":0},"end":{"line":22,"column":9}},"22":{"start":{"line":23,"column":0},"end":{"line":23,"column":11}},"23":{"start":{"line":24,"column":0},"end":{"line":24,"column":0}},"24":{"start":{"line":25,"column":0},"end":{"line":25,"column":47}},"25":{"start":{"line":26,"column":0},"end":{"line":26,"column":39}},"26":{"start":{"line":27,"column":0},"end":{"line":27,"column":20}},"27":{"start":{"line":28,"column":0},"end":{"line":28,"column":26}},"28":{"start":{"line":29,"column":0},"end":{"line":29,"column":36}},"29":{"start":{"line":30,"column":0},"end":{"line":30,"column":37}},"30":{"start":{"line":31,"column":0},"end":{"line":31,"column":0}},"31":{"start":{"line":32,"column":0},"end":{"line":32,"column":50}},"32":{"start":{"line":33,"column":0},"end":{"line":33,"column":18}},"33":{"start":{"line":34,"column":0},"end":{"line":34,"column":35}},"34":{"start":{"line":35,"column":0},"end":{"line":35,"column":41}},"35":{"start":{"line":36,"column":0},"end":{"line":36,"column":0}},"36":{"start":{"line":37,"column":0},"end":{"line":37,"column":53}},"37":{"start":{"line":38,"column":0},"end":{"line":38,"column":19}},"38":{"start":{"line":39,"column":0},"end":{"line":39,"column":34}},"39":{"start":{"line":40,"column":0},"end":{"line":40,"column":6}},"40":{"start":{"line":41,"column":0},"end":{"line":41,"column":0}},"41":{"start":{"line":42,"column":0},"end":{"line":42,"column":83}},"42":{"start":{"line":43,"column":0},"end":{"line":43,"column":2}},"43":{"start":{"line":44,"column":0},"end":{"line":44,"column":0}},"44":{"start":{"line":45,"column":0},"end":{"line":45,"column":21}},"45":{"start":{"line":46,"column":0},"end":{"line":46,"column":39}},"46":{"start":{"line":47,"column":0},"end":{"line":47,"column":37}},"47":{"start":{"line":48,"column":0},"end":{"line":48,"column":42}},"48":{"start":{"line":49,"column":0},"end":{"line":49,"column":35}},"49":{"start":{"line":50,"column":0},"end":{"line":50,"column":34}},"50":{"start":{"line":51,"column":0},"end":{"line":51,"column":2}},"51":{"start":{"line":52,"column":0},"end":{"line":52,"column":0}},"52":{"start":{"line":53,"column":0},"end":{"line":53,"column":23}}},"s":{"0":1,"1":1,"2":1,"3":1,"4":1,"5":1,"6":1,"7":1,"8":13,"9":13,"10":13,"11":13,"12":13,"13":13,"14":13,"15":13,"16":13,"17":13,"18":3,"19":1,"20":3,"21":3,"22":13,"23":13,"24":13,"25":4,"26":4,"27":4,"28":3,"29":1,"30":1,"31":1,"32":3,"33":3,"34":2,"35":2,"36":2,"37":3,"38":1,"39":13,"40":13,"41":13,"42":13,"43":1,"44":1,"45":1,"46":1,"47":1,"48":1,"49":1,"50":1,"51":1,"52":1},"branchMap":{"0":{"type":"branch","line":8,"loc":{"start":{"line":8,"column":34},"end":{"line":43,"column":2}},"locations":[{"start":{"line":8,"column":34},"end":{"line":43,"column":2}}]},"1":{"type":"branch","line":17,"loc":{"start":{"line":17,"column":14},"end":{"line":23,"column":5}},"locations":[{"start":{"line":17,"column":14},"end":{"line":23,"column":5}}]},"2":{"type":"branch","line":18,"loc":{"start":{"line":18,"column":28},"end":{"line":22,"column":9}},"locations":[{"start":{"line":18,"column":28},"end":{"line":22,"column":9}}]},"3":{"type":"branch","line":19,"loc":{"start":{"line":19,"column":37},"end":{"line":21,"column":19}},"locations":[{"start":{"line":19,"column":37},"end":{"line":21,"column":19}}]},"4":{"type":"branch","line":21,"loc":{"start":{"line":21,"column":13},"end":{"line":21,"column":54}},"locations":[{"start":{"line":21,"column":13},"end":{"line":21,"column":54}}]},"5":{"type":"branch","line":20,"loc":{"start":{"line":20,"column":27},"end":{"line":20,"column":67}},"locations":[{"start":{"line":20,"column":27},"end":{"line":20,"column":67}}]},"6":{"type":"branch","line":25,"loc":{"start":{"line":25,"column":33},"end":{"line":40,"column":5}},"locations":[{"start":{"line":25,"column":33},"end":{"line":40,"column":5}}]},"7":{"type":"branch","line":28,"loc":{"start":{"line":28,"column":12},"end":{"line":38,"column":19}},"locations":[{"start":{"line":28,"column":12},"end":{"line":38,"column":19}}]},"8":{"type":"branch","line":39,"loc":{"start":{"line":39,"column":-1},"end":{"line":39,"column":34}},"locations":[{"start":{"line":39,"column":-1},"end":{"line":39,"column":34}}]},"9":{"type":"branch","line":29,"loc":{"start":{"line":29,"column":22},"end":{"line":33,"column":17}},"locations":[{"start":{"line":29,"column":22},"end":{"line":33,"column":17}}]},"10":{"type":"branch","line":34,"loc":{"start":{"line":34,"column":23},"end":{"line":38,"column":17}},"locations":[{"start":{"line":34,"column":23},"end":{"line":38,"column":17}}]}},"b":{"0":[13],"1":[13],"2":[3],"3":[1],"4":[2],"5":[1],"6":[4],"7":[3],"8":[1],"9":[1],"10":[2]},"fnMap":{"0":{"name":"Chatbox","decl":{"start":{"line":8,"column":34},"end":{"line":43,"column":2}},"loc":{"start":{"line":8,"column":34},"end":{"line":43,"column":2}},"line":8},"1":{"name":"handleNewUserMessage","decl":{"start":{"line":25,"column":33},"end":{"line":40,"column":5}},"loc":{"start":{"line":25,"column":33},"end":{"line":40,"column":5}},"line":25}},"f":{"0":13,"1":4}}
}
