TN:
SF:src\config.ts
FNF:0
FNH:0
DA:1,1
DA:2,1
DA:3,1
LF:3
LH:3
BRF:0
BRH:0
end_of_record
TN:
SF:src\index.tsx
FN:4,get
FNF:1
FNH:1
FNDA:14,get
DA:1,1
DA:2,1
DA:3,1
DA:4,1
LF:4
LH:4
BRDA:4,0,0,14
BRF:1
BRH:1
end_of_record
TN:
SF:src\Chatbox\connect.ts
FN:5,connect
FNF:1
FNH:1
FNDA:4,connect
DA:1,1
DA:2,1
DA:3,1
DA:4,1
DA:5,1
DA:6,4
DA:7,4
DA:8,4
DA:9,4
DA:10,4
DA:11,4
DA:12,4
DA:13,4
DA:14,4
DA:15,4
DA:16,4
DA:17,3
DA:18,1
DA:19,3
DA:20,3
DA:21,3
DA:22,3
DA:23,3
DA:24,4
DA:25,4
DA:26,4
DA:27,1
DA:28,1
DA:29,1
LF:29
LH:29
BRDA:5,0,0,4
BRDA:6,1,0,4
BRDA:16,2,0,3
BRDA:17,3,0,1
BRF:4
BRH:4
end_of_record
TN:
SF:src\Chatbox\index.tsx
FN:8,Chatbox
FN:25,handleNewUserMessage
FNF:2
FNH:2
FNDA:13,Chatbox
FNDA:4,handleNewUserMessage
DA:1,1
DA:2,1
DA:3,1
DA:4,1
DA:5,1
DA:6,1
DA:7,1
DA:8,1
DA:9,13
DA:10,13
DA:11,13
DA:12,13
DA:13,13
DA:14,13
DA:15,13
DA:16,13
DA:17,13
DA:18,13
DA:19,3
DA:20,1
DA:21,3
DA:22,3
DA:23,13
DA:24,13
DA:25,13
DA:26,4
DA:27,4
DA:28,4
DA:29,3
DA:30,1
DA:31,1
DA:32,1
DA:33,3
DA:34,3
DA:35,2
DA:36,2
DA:37,2
DA:38,3
DA:39,1
DA:40,13
DA:41,13
DA:42,13
DA:43,13
DA:44,1
DA:45,1
DA:46,1
DA:47,1
DA:48,1
DA:49,1
DA:50,1
DA:51,1
DA:52,1
DA:53,1
LF:53
LH:53
BRDA:8,0,0,13
BRDA:17,1,0,13
BRDA:18,2,0,3
BRDA:19,3,0,1
BRDA:21,4,0,2
BRDA:20,5,0,1
BRDA:25,6,0,4
BRDA:28,7,0,3
BRDA:39,8,0,1
BRDA:29,9,0,1
BRDA:34,10,0,2
BRF:11
BRH:11
end_of_record
